<?xml version="1.0" encoding="UTF-8"?>
<!-- Generated by org.testng.reporters.JUnitReportReporter -->
<testsuite hostname="SVS" failures="0" tests="2" name="com.placeorder.gmoplaceorder" time="1.452" errors="0" timestamp="2022-08-03T10:50:59 PDT" skipped="0">
  <testcase classname="com.placeorder.gmoplaceorder" name="GmoOnlineLoaded" time="0.030"/>
  <system-out/>
  <testcase classname="com.placeorder.gmoplaceorder" name="ValidateEnterGmoOnline" time="1.422"/>
  <system-out/>
</testsuite> <!-- com.placeorder.gmoplaceorder -->
