<?xml version="1.0" encoding="UTF-8"?>
<!-- Generated by org.testng.reporters.JUnitReportReporter -->
<testsuite hostname="SVS" failures="0" tests="2" name="com.placeorder.Validatingalerts" time="17.089" errors="0" timestamp="2022-08-04T14:59:12 PDT" skipped="0">
  <testcase classname="com.placeorder.Validatingalerts" name="Alertvalidation" time="1.645"/>
  <system-out/>
  <testcase classname="com.placeorder.Validatingalerts" name="validationtypesofalerts" time="15.444"/>
  <system-out/>
</testsuite> <!-- com.placeorder.Validatingalerts -->
