<?xml version="1.0" encoding="UTF-8"?>
<!-- Generated by org.testng.reporters.JUnitReportReporter -->
<testsuite hostname="SVS" failures="0" tests="2" name="com.placeorder.gmoplaceorderPOM" time="1.212" errors="0" timestamp="2022-08-05T00:58:10 PDT" skipped="0">
  <testcase classname="com.placeorder.gmoplaceorderPOM" name="GmoOnlineLoaded" time="0.027"/>
  <system-out/>
  <testcase classname="com.placeorder.gmoplaceorderPOM" name="ValidateEnterGmoOnline" time="1.185"/>
  <system-out/>
</testsuite> <!-- com.placeorder.gmoplaceorderPOM -->
